{"level":"INFO","message":"[4:45:17.443 PM]: Creating new connection object"}
{"level":"INFO","message":"[4:45:17.456 PM]: Creating Connection[id: c892c026-13d7-4b1c-b35f-ab85bafbf0d9] with host: NIB15565.snowflakecomputing.com, account: NIB15565, accessUrl: https://NIB15565.snowflakecomputing.com, user: ARAMXC, role: undefined, database: DEFI_DOJO, schema: USERS, warehouse: XSMALL, proxy was not configured, password is provided, region: undefined, authenticator: SNOWFLAKE, ocsp mode: FAIL_OPEN, os: darwin, os version: 24.2.0"}
{"level":"INFO","message":"[4:45:17.456 PM]: Connection[id: c892c026-13d7-4b1c-b35f-ab85bafbf0d9] additional details: passcode in password is provided, passcode is not provided, private key is not provided, application: undefined, client name: snowflake-sdk, client version: 2.0.1, retry timeout: 300, private key path: undefined, private key pass is not provided, client store temporary credential: false, browser response timeout: 120000"}
{"level":"INFO","message":"[4:45:17.457 PM]: Connection[id: c892c026-13d7-4b1c-b35f-ab85bafbf0d9] - connection object created successfully."}
{"level":"INFO","message":"[4:45:17.457 PM]: Connection[id: c892c026-13d7-4b1c-b35f-ab85bafbf0d9] - connecting. Associated Snowflake domain: GLOBAL"}
{"level":"INFO","message":"[4:45:17.461 PM]: Connection[id: c892c026-13d7-4b1c-b35f-ab85bafbf0d9] - authentication successful using: SNOWFLAKE"}
{"level":"INFO","message":"[4:45:17.461 PM]: Trying to initialize Easy Logging"}
{"level":"INFO","message":"[4:45:17.465 PM]: No client config detected."}
{"level":"INFO","message":"[4:45:17.465 PM]: No config file path found. Client config will not be used."}
{"level":"INFO","message":"[4:45:17.466 PM]: Easy Logging is disabled as no config has been found"}
{"level":"INFO","message":"[4:45:17.469 PM]: Connection[id: c892c026-13d7-4b1c-b35f-ab85bafbf0d9] - connected successfully after 12.062582999999904 milliseconds"}
{"level":"INFO","message":"[4:47:32.963 PM]: Creating new connection object"}
{"level":"INFO","message":"[4:47:32.968 PM]: Creating Connection[id: 7d6bd5d7-6015-47a0-ac7e-ede8f84b9295] with host: NIB15565.snowflakecomputing.com, account: NIB15565, accessUrl: https://NIB15565.snowflakecomputing.com, user: ARAMXC, role: undefined, database: DEFI_DOJO, schema: USERS, warehouse: XSMALL, proxy was not configured, password is provided, region: undefined, authenticator: SNOWFLAKE, ocsp mode: FAIL_OPEN, os: darwin, os version: 24.2.0"}
{"level":"INFO","message":"[4:47:32.968 PM]: Connection[id: 7d6bd5d7-6015-47a0-ac7e-ede8f84b9295] additional details: passcode in password is provided, passcode is not provided, private key is not provided, application: undefined, client name: snowflake-sdk, client version: 2.0.1, retry timeout: 300, private key path: undefined, private key pass is not provided, client store temporary credential: false, browser response timeout: 120000"}
{"level":"INFO","message":"[4:47:32.969 PM]: Connection[id: 7d6bd5d7-6015-47a0-ac7e-ede8f84b9295] - connection object created successfully."}
{"level":"INFO","message":"[4:47:32.969 PM]: Connection[id: 7d6bd5d7-6015-47a0-ac7e-ede8f84b9295] - connecting. Associated Snowflake domain: GLOBAL"}
{"level":"INFO","message":"[4:47:32.970 PM]: Connection[id: 7d6bd5d7-6015-47a0-ac7e-ede8f84b9295] - authentication successful using: SNOWFLAKE"}
{"level":"INFO","message":"[4:47:32.970 PM]: Trying to initialize Easy Logging"}
{"level":"INFO","message":"[4:47:32.972 PM]: No client config detected."}
{"level":"INFO","message":"[4:47:32.973 PM]: No config file path found. Client config will not be used."}
{"level":"INFO","message":"[4:47:32.973 PM]: Easy Logging is disabled as no config has been found"}
{"level":"INFO","message":"[4:47:32.975 PM]: Connection[id: 7d6bd5d7-6015-47a0-ac7e-ede8f84b9295] - connected successfully after 6.1366669999999885 milliseconds"}
